2026.03.29 15:15:55 INFO  Started: Metals version 1.6.4 in folders '/media/edoardo/windows/qqq-backend' for client Visual Studio Code 1.110.0.[0m
2026.03.29 15:15:55 WARN  Using H2 2.4.240 which is newer than the version Flyway has been verified with. The latest verified version of H2 is 2.3.232.[0m
2026.03.29 15:15:56 INFO  no build target found for /media/edoardo/windows/qqq-backend/src/main/java/com/edoardo/qqq/health/GameHealthCheck.java. Using fallback presentation compiler.[0m
2026.03.29 15:15:56 INFO  no build target found for /media/edoardo/windows/qqq-backend/src/main/java/com/edoardo/qqq/health/GameHealthCheck.java. Using fallback presentation compiler.[0m
mar 29, 2026 3:15:56 PM org.eclipse.lsp4j.jsonrpc.RemoteEndpoint handleCancellation
AVVERTENZA: Unmatched cancel notification for request id 6
mar 29, 2026 3:15:56 PM org.eclipse.lsp4j.jsonrpc.RemoteEndpoint handleCancellation
AVVERTENZA: Unmatched cancel notification for request id 2
mar 29, 2026 3:15:56 PM org.eclipse.lsp4j.jsonrpc.RemoteEndpoint handleCancellation
AVVERTENZA: Unmatched cancel notification for request id 3
mar 29, 2026 3:15:56 PM org.eclipse.lsp4j.jsonrpc.RemoteEndpoint handleCancellation
AVVERTENZA: Unmatched cancel notification for request id 1
2026.03.29 15:16:02 INFO  no build target found for /media/edoardo/windows/qqq-backend/src/main/java/com/edoardo/qqq/health/GameHealthCheck.java. Using fallback presentation compiler.[0m
2026.03.29 15:16:02 WARN  no build target for: /media/edoardo/windows/qqq-backend/src/main/java/com/edoardo/qqq/health/GameHealthCheck.java[0m
2026.03.29 15:16:02 INFO  no build target found for /media/edoardo/windows/qqq-backend/src/main/java/com/edoardo/qqq/health/GameHealthCheck.java. Using fallback presentation compiler.[0m
2026.03.29 15:16:02 INFO  no build target found for /media/edoardo/windows/qqq-backend/src/main/java/com/edoardo/qqq/health/GameHealthCheck.java. Using fallback presentation compiler.[0m
2026.03.29 15:16:02 INFO  no build target found for /media/edoardo/windows/qqq-backend/src/main/java/com/edoardo/qqq/health/GameHealthCheck.java. Using fallback presentation compiler.[0m
2026.03.29 15:16:03 INFO  no build target found for /media/edoardo/windows/qqq-backend/src/main/java/com/edoardo/qqq/health/GameHealthCheck.java. Using fallback presentation compiler.[0m
2026.03.29 15:16:03 INFO  no build target found for /media/edoardo/windows/qqq-backend/src/main/java/com/edoardo/qqq/health/GameHealthCheck.java. Using fallback presentation compiler.[0m
2026.03.29 15:16:03 INFO  no build target found for /media/edoardo/windows/qqq-backend/src/main/java/com/edoardo/qqq/health/GameHealthCheck.java. Using fallback presentation compiler.[0m
2026.03.29 15:16:03 INFO  no build target found for /media/edoardo/windows/qqq-backend/src/main/java/com/edoardo/qqq/health/GameHealthCheck.java. Using fallback presentation compiler.[0m
2026.03.29 15:16:11 INFO  no build target found for /media/edoardo/windows/qqq-backend/src/main/java/com/edoardo/qqq/health/GameHealthCheck.java. Using fallback presentation compiler.[0m
2026.03.29 15:16:11 INFO  no build target found for /media/edoardo/windows/qqq-backend/src/main/java/com/edoardo/qqq/health/GameHealthCheck.java. Using fallback presentation compiler.[0m
2026.03.29 15:16:11 INFO  no build target found for /media/edoardo/windows/qqq-backend/src/main/java/com/edoardo/qqq/health/GameHealthCheck.java. Using fallback presentation compiler.[0m
2026.03.29 15:16:11 INFO  no build target found for /media/edoardo/windows/qqq-backend/src/main/java/com/edoardo/qqq/health/GameHealthCheck.java. Using fallback presentation compiler.[0m
2026.03.29 15:16:19 INFO  no build target found for /media/edoardo/windows/qqq-backend/src/main/java/com/edoardo/qqq/health/GameHealthCheck.java. Using fallback presentation compiler.[0m
2026.03.29 15:16:19 INFO  no build target found for /media/edoardo/windows/qqq-backend/src/main/java/com/edoardo/qqq/health/GameHealthCheck.java. Using fallback presentation compiler.[0m
2026.03.29 15:18:39 INFO  no build target found for /media/edoardo/windows/qqq-backend/src/main/java/com/edoardo/qqq/health/GameHealthCheck.java. Using fallback presentation compiler.[0m
2026.03.29 15:18:39 INFO  no build target found for /media/edoardo/windows/qqq-backend/src/main/java/com/edoardo/qqq/health/GameHealthCheck.java. Using fallback presentation compiler.[0m
2026.03.29 15:18:39 INFO  no build target found for /media/edoardo/windows/qqq-backend/src/main/java/com/edoardo/qqq/health/GameHealthCheck.java. Using fallback presentation compiler.[0m
2026.03.29 15:18:40 INFO  no build target found for /media/edoardo/windows/qqq-backend/src/main/java/com/edoardo/qqq/health/GameHealthCheck.java. Using fallback presentation compiler.[0m
2026.03.29 15:18:40 INFO  no build target found for /media/edoardo/windows/qqq-backend/src/main/java/com/edoardo/qqq/health/GameHealthCheck.java. Using fallback presentation compiler.[0m
2026.03.29 15:18:42 INFO  no build target found for /media/edoardo/windows/qqq-backend/src/main/java/com/edoardo/qqq/health/GameHealthCheck.java. Using fallback presentation compiler.[0m
2026.03.29 15:18:42 INFO  no build target found for /media/edoardo/windows/qqq-backend/src/main/java/com/edoardo/qqq/health/GameHealthCheck.java. Using fallback presentation compiler.[0m
2026.03.29 15:18:43 INFO  no build target found for /media/edoardo/windows/qqq-backend/src/main/java/com/edoardo/qqq/health/GameHealthCheck.java. Using fallback presentation compiler.[0m
2026.03.29 15:18:43 WARN  no build target for: /media/edoardo/windows/qqq-backend/src/main/java/com/edoardo/qqq/health/GameHealthCheck.java[0m
2026.03.29 15:18:43 INFO  no build target found for /media/edoardo/windows/qqq-backend/src/main/java/com/edoardo/qqq/health/GameHealthCheck.java. Using fallback presentation compiler.[0m
2026.03.29 15:26:19 INFO  no build target found for /media/edoardo/windows/qqq-backend/src/main/java/com/edoardo/qqq/health/GameHealthCheck.java. Using fallback presentation compiler.[0m
2026.03.29 15:26:35 INFO  no build target found for /media/edoardo/windows/qqq-backend/src/main/java/com/edoardo/qqq/api/GameResource.java. Using fallback presentation compiler.[0m
2026.03.29 15:26:35 INFO  no build target found for /media/edoardo/windows/qqq-backend/src/main/java/com/edoardo/qqq/api/GameResource.java. Using fallback presentation compiler.[0m
2026.03.29 15:26:35 INFO  no build target found for /media/edoardo/windows/qqq-backend/src/main/java/com/edoardo/qqq/api/GameResource.java. Using fallback presentation compiler.[0m
2026.03.29 15:26:35 INFO  no build target found for /media/edoardo/windows/qqq-backend/src/main/java/com/edoardo/qqq/api/GameResource.java. Using fallback presentation compiler.[0m
2026.03.29 15:26:35 INFO  no build target found for /media/edoardo/windows/qqq-backend/src/main/java/com/edoardo/qqq/api/GameResource.java. Using fallback presentation compiler.[0m
2026.03.29 15:26:36 WARN  no build target for: /media/edoardo/windows/qqq-backend/src/main/java/com/edoardo/qqq/api/GameResource.java[0m
2026.03.29 15:26:36 INFO  no build target found for /media/edoardo/windows/qqq-backend/src/main/java/com/edoardo/qqq/api/GameResource.java. Using fallback presentation compiler.[0m
2026.03.29 15:26:51 INFO  no build target found for /media/edoardo/windows/qqq-backend/src/main/java/com/edoardo/qqq/api/GameResource.java. Using fallback presentation compiler.[0m
2026.03.29 15:26:51 INFO  no build target found for /media/edoardo/windows/qqq-backend/src/main/java/com/edoardo/qqq/api/GameResource.java. Using fallback presentation compiler.[0m
2026.03.29 15:26:51 INFO  no build target found for /media/edoardo/windows/qqq-backend/src/main/java/com/edoardo/qqq/api/GameResource.java. Using fallback presentation compiler.[0m
2026.03.29 15:26:52 INFO  no build target found for /media/edoardo/windows/qqq-backend/src/main/java/com/edoardo/qqq/api/GameResource.java. Using fallback presentation compiler.[0m
2026.03.29 15:26:53 WARN  no build target for: /media/edoardo/windows/qqq-backend/src/main/java/com/edoardo/qqq/api/GameResource.java[0m
2026.03.29 15:26:52 INFO  no build target found for /media/edoardo/windows/qqq-backend/src/main/java/com/edoardo/qqq/api/GameResource.java. Using fallback presentation compiler.[0m
2026.03.29 15:26:54 INFO  no build target found for /media/edoardo/windows/qqq-backend/src/main/java/com/edoardo/qqq/api/GameResource.java. Using fallback presentation compiler.[0m
2026.03.29 15:26:54 INFO  no build target found for /media/edoardo/windows/qqq-backend/src/main/java/com/edoardo/qqq/api/GameResource.java. Using fallback presentation compiler.[0m
2026.03.29 15:26:54 INFO  no build target found for /media/edoardo/windows/qqq-backend/src/main/java/com/edoardo/qqq/api/GameResource.java. Using fallback presentation compiler.[0m
2026.03.29 15:26:56 INFO  no build target found for /media/edoardo/windows/qqq-backend/src/main/java/com/edoardo/qqq/api/GameResource.java. Using fallback presentation compiler.[0m
2026.03.29 15:26:56 INFO  no build target found for /media/edoardo/windows/qqq-backend/src/main/java/com/edoardo/qqq/api/GameResource.java. Using fallback presentation compiler.[0m
2026.03.29 15:26:58 INFO  no build target found for /media/edoardo/windows/qqq-backend/src/main/java/com/edoardo/qqq/api/GameResource.java. Using fallback presentation compiler.[0m
2026.03.29 15:26:58 INFO  no build target found for /media/edoardo/windows/qqq-backend/src/main/java/com/edoardo/qqq/api/GameResource.java. Using fallback presentation compiler.[0m
2026.03.29 15:26:58 INFO  no build target found for /media/edoardo/windows/qqq-backend/src/main/java/com/edoardo/qqq/api/GameResource.java. Using fallback presentation compiler.[0m
2026.03.29 15:27:00 INFO  no build target found for /media/edoardo/windows/qqq-backend/src/main/java/com/edoardo/qqq/api/GameResource.java. Using fallback presentation compiler.[0m
2026.03.29 15:27:00 WARN  no build target for: /media/edoardo/windows/qqq-backend/src/main/java/com/edoardo/qqq/api/GameResource.java[0m
2026.03.29 15:27:00 INFO  no build target found for /media/edoardo/windows/qqq-backend/src/main/java/com/edoardo/qqq/api/GameResource.java. Using fallback presentation compiler.[0m
2026.03.29 15:27:00 INFO  no build target found for /media/edoardo/windows/qqq-backend/src/main/java/com/edoardo/qqq/api/GameResource.java. Using fallback presentation compiler.[0m
2026.03.29 15:27:01 INFO  no build target found for /media/edoardo/windows/qqq-backend/src/main/java/com/edoardo/qqq/api/GameResource.java. Using fallback presentation compiler.[0m
2026.03.29 15:27:01 WARN  no build target for: /media/edoardo/windows/qqq-backend/src/main/java/com/edoardo/qqq/api/GameResource.java[0m
2026.03.29 15:27:01 INFO  no build target found for /media/edoardo/windows/qqq-backend/src/main/java/com/edoardo/qqq/api/GameResource.java. Using fallback presentation compiler.[0m
2026.03.29 15:27:04 WARN  no build target for: /media/edoardo/windows/qqq-backend/src/main/java/com/edoardo/qqq/api/GameResource.java[0m
2026.03.29 15:27:04 INFO  no build target found for /media/edoardo/windows/qqq-backend/src/main/java/com/edoardo/qqq/api/GameResource.java. Using fallback presentation compiler.[0m
2026.03.29 15:27:07 INFO  no build target found for /media/edoardo/windows/qqq-backend/src/main/java/com/edoardo/qqq/api/GameResource.java. Using fallback presentation compiler.[0m
2026.03.29 15:27:07 INFO  no build target found for /media/edoardo/windows/qqq-backend/src/main/java/com/edoardo/qqq/api/GameResource.java. Using fallback presentation compiler.[0m
2026.03.29 15:27:07 INFO  no build target found for /media/edoardo/windows/qqq-backend/src/main/java/com/edoardo/qqq/api/GameResource.java. Using fallback presentation compiler.[0m
2026.03.29 15:27:08 INFO  no build target found for /media/edoardo/windows/qqq-backend/src/main/java/com/edoardo/qqq/api/GameResource.java. Using fallback presentation compiler.[0m
2026.03.29 15:27:08 INFO  no build target found for /media/edoardo/windows/qqq-backend/src/main/java/com/edoardo/qqq/api/GameResource.java. Using fallback presentation compiler.[0m
mar 29, 2026 3:27:08 PM org.eclipse.lsp4j.jsonrpc.RemoteEndpoint handleCancellation
AVVERTENZA: Unmatched cancel notification for request id 103
2026.03.29 15:27:08 INFO  no build target found for /media/edoardo/windows/qqq-backend/src/main/java/com/edoardo/qqq/api/GameResource.java. Using fallback presentation compiler.[0m
2026.03.29 15:27:10 INFO  no build target found for /media/edoardo/windows/qqq-backend/src/main/java/com/edoardo/qqq/api/GameResource.java. Using fallback presentation compiler.[0m
2026.03.29 15:27:10 INFO  no build target found for /media/edoardo/windows/qqq-backend/src/main/java/com/edoardo/qqq/api/GameResource.java. Using fallback presentation compiler.[0m
mar 29, 2026 3:27:10 PM org.eclipse.lsp4j.jsonrpc.RemoteEndpoint handleCancellation
AVVERTENZA: Unmatched cancel notification for request id 106
2026.03.29 15:27:10 INFO  no build target found for /media/edoardo/windows/qqq-backend/src/main/java/com/edoardo/qqq/api/GameResource.java. Using fallback presentation compiler.[0m
2026.03.29 15:27:10 INFO  no build target found for /media/edoardo/windows/qqq-backend/src/main/java/com/edoardo/qqq/api/GameResource.java. Using fallback presentation compiler.[0m
2026.03.29 15:27:11 INFO  no build target found for /media/edoardo/windows/qqq-backend/src/main/java/com/edoardo/qqq/api/GameResource.java. Using fallback presentation compiler.[0m
2026.03.29 15:27:21 INFO  no build target found for /media/edoardo/windows/qqq-backend/src/main/java/com/edoardo/qqq/api/GameResource.java. Using fallback presentation compiler.[0m
2026.03.29 15:27:23 INFO  no build target found for /media/edoardo/windows/qqq-backend/src/main/java/com/edoardo/qqq/api/GameResource.java. Using fallback presentation compiler.[0m
2026.03.29 15:27:23 INFO  no build target found for /media/edoardo/windows/qqq-backend/src/main/java/com/edoardo/qqq/api/GameResource.java. Using fallback presentation compiler.[0m
2026.03.29 15:27:23 INFO  no build target found for /media/edoardo/windows/qqq-backend/src/main/java/com/edoardo/qqq/api/GameResource.java. Using fallback presentation compiler.[0m
2026.03.29 15:27:23 INFO  no build target found for /media/edoardo/windows/qqq-backend/src/main/java/com/edoardo/qqq/api/GameResource.java. Using fallback presentation compiler.[0m
2026.03.29 15:27:23 INFO  no build target found for /media/edoardo/windows/qqq-backend/src/main/java/com/edoardo/qqq/api/GameResource.java. Using fallback presentation compiler.[0m
2026.03.29 15:27:25 INFO  no build target found for /media/edoardo/windows/qqq-backend/src/main/java/com/edoardo/qqq/api/GameResource.java. Using fallback presentation compiler.[0m
2026.03.29 15:27:25 INFO  no build target found for /media/edoardo/windows/qqq-backend/src/main/java/com/edoardo/qqq/api/GameResource.java. Using fallback presentation compiler.[0m
2026.03.29 15:27:25 INFO  no build target found for /media/edoardo/windows/qqq-backend/src/main/java/com/edoardo/qqq/api/GameResource.java. Using fallback presentation compiler.[0m
2026.03.29 15:27:25 INFO  no build target found for /media/edoardo/windows/qqq-backend/src/main/java/com/edoardo/qqq/api/GameResource.java. Using fallback presentation compiler.[0m
2026.03.29 15:27:25 INFO  no build target found for /media/edoardo/windows/qqq-backend/src/main/java/com/edoardo/qqq/api/GameResource.java. Using fallback presentation compiler.[0m
2026.03.29 15:27:26 INFO  no build target found for /media/edoardo/windows/qqq-backend/src/main/java/com/edoardo/qqq/api/GameResource.java. Using fallback presentation compiler.[0m
2026.03.29 15:27:26 INFO  no build target found for /media/edoardo/windows/qqq-backend/src/main/java/com/edoardo/qqq/api/GameResource.java. Using fallback presentation compiler.[0m
2026.03.29 15:27:26 INFO  no build target found for /media/edoardo/windows/qqq-backend/src/main/java/com/edoardo/qqq/api/GameResource.java. Using fallback presentation compiler.[0m
2026.03.29 15:27:26 INFO  no build target found for /media/edoardo/windows/qqq-backend/src/main/java/com/edoardo/qqq/api/GameResource.java. Using fallback presentation compiler.[0m
2026.03.29 15:27:26 INFO  no build target found for /media/edoardo/windows/qqq-backend/src/main/java/com/edoardo/qqq/api/GameResource.java. Using fallback presentation compiler.[0m
2026.03.29 15:27:27 INFO  no build target found for /media/edoardo/windows/qqq-backend/src/main/java/com/edoardo/qqq/api/GameResource.java. Using fallback presentation compiler.[0m
2026.03.29 15:27:27 INFO  no build target found for /media/edoardo/windows/qqq-backend/src/main/java/com/edoardo/qqq/api/GameResource.java. Using fallback presentation compiler.[0m
2026.03.29 15:27:27 INFO  no build target found for /media/edoardo/windows/qqq-backend/src/main/java/com/edoardo/qqq/api/GameResource.java. Using fallback presentation compiler.[0m
2026.03.29 15:27:27 INFO  no build target found for /media/edoardo/windows/qqq-backend/src/main/java/com/edoardo/qqq/api/GameResource.java. Using fallback presentation compiler.[0m
2026.03.29 15:28:01 INFO  no build target found for /media/edoardo/windows/qqq-backend/src/main/java/com/edoardo/qqq/api/GameResource.java. Using fallback presentation compiler.[0m
2026.03.29 15:28:01 INFO  no build target found for /media/edoardo/windows/qqq-backend/src/main/java/com/edoardo/qqq/api/GameResource.java. Using fallback presentation compiler.[0m
2026.03.29 15:28:05 WARN  no build target for: /media/edoardo/windows/qqq-backend/src/main/java/com/edoardo/qqq/api/GameResource.java[0m
2026.03.29 15:28:05 INFO  no build target found for /media/edoardo/windows/qqq-backend/src/main/java/com/edoardo/qqq/api/GameResource.java. Using fallback presentation compiler.[0m
2026.03.29 15:28:05 INFO  no build target found for /media/edoardo/windows/qqq-backend/src/main/java/com/edoardo/qqq/api/GameResource.java. Using fallback presentation compiler.[0m
2026.03.29 15:28:05 INFO  no build target found for /media/edoardo/windows/qqq-backend/src/main/java/com/edoardo/qqq/api/GameResource.java. Using fallback presentation compiler.[0m
2026.03.29 15:28:33 INFO  no build target found for /media/edoardo/windows/qqq-backend/src/main/java/com/edoardo/qqq/api/GameResource.java. Using fallback presentation compiler.[0m
2026.03.29 15:29:41 INFO  no build target found for /media/edoardo/windows/qqq-backend/src/main/java/com/edoardo/qqq/api/GameResource.java. Using fallback presentation compiler.[0m
2026.03.29 15:29:41 INFO  no build target found for /media/edoardo/windows/qqq-backend/src/main/java/com/edoardo/qqq/api/GameResource.java. Using fallback presentation compiler.[0m
2026.03.29 15:44:58 INFO  no build target found for /media/edoardo/windows/qqq-backend/src/main/java/com/edoardo/qqq/api/GameResource.java. Using fallback presentation compiler.[0m
2026.03.29 15:45:00 INFO  Shutting down server[0m
2026.03.29 15:45:00 INFO  shutting down Metals[0m
2026.03.29 15:45:00 ERROR Unexpected error initializing server: 
org.eclipse.lsp4j.jsonrpc.ResponseErrorException: Request window/showMessageRequest failed with message: Canceled
	at org.eclipse.lsp4j.jsonrpc.RemoteEndpoint.handleResponse(RemoteEndpoint.java:220)
	at org.eclipse.lsp4j.jsonrpc.RemoteEndpoint.consume(RemoteEndpoint.java:204)
	at org.eclipse.lsp4j.jsonrpc.json.StreamMessageProducer.handleMessage(StreamMessageProducer.java:185)
	at org.eclipse.lsp4j.jsonrpc.json.StreamMessageProducer.listen(StreamMessageProducer.java:97)
	at org.eclipse.lsp4j.jsonrpc.json.ConcurrentMessageProcessor.run(ConcurrentMessageProcessor.java:114)
	at java.util.concurrent.Executors$RunnableAdapter.call(Executors.java:545)
	at java.util.concurrent.FutureTask.run(FutureTask.java:328)
	at java.util.concurrent.ThreadPoolExecutor.runWorker(ThreadPoolExecutor.java:1090)
	at java.util.concurrent.ThreadPoolExecutor$Worker.run(ThreadPoolExecutor.java:614)
	at java.lang.Thread.run(Thread.java:1474)
[0m
2026.03.29 15:45:00 INFO  Exiting server[0m
