2026.03.31 19:01:56 INFO  Started: Metals version 1.6.6 in folders '/media/edoardo/windows/qqq' for client Visual Studio Code 1.110.0.[0m
2026.03.31 19:01:56 INFO  Memory monitor started[0m
2026.03.31 19:01:57 WARN  Using H2 2.4.240 which is newer than the version Flyway has been verified with. The latest verified version of H2 is 2.3.232.[0m
2026.03.31 19:01:57 INFO  no build target found for /media/edoardo/windows/qqq/qqq-backend/src/main/java/com/edoardo/qqq/health/GameHealthCheck.java. Using fallback presentation compiler.[0m
2026.03.31 19:01:57 INFO  no build target found for /media/edoardo/windows/qqq/qqq-backend/src/main/java/com/edoardo/qqq/health/GameHealthCheck.java. Using fallback presentation compiler.[0m
2026.03.31 19:01:57 INFO  no build target found for /media/edoardo/windows/qqq/qqq-backend/src/main/java/com/edoardo/qqq/api/GameResource.java. Using fallback presentation compiler.[0m
2026.03.31 19:01:59 INFO  no build target found for /media/edoardo/windows/qqq/qqq-backend/src/main/java/com/edoardo/qqq/api/GameResource.java. Using fallback presentation compiler.[0m
mar 31, 2026 7:01:59 PM org.eclipse.lsp4j.jsonrpc.RemoteEndpoint handleCancellation
AVVERTENZA: Unmatched cancel notification for request id 7
2026.03.31 19:01:59 INFO  no build target found for /media/edoardo/windows/qqq/qqq-backend/src/main/java/com/edoardo/qqq/api/GameResource.java. Using fallback presentation compiler.[0m
2026.03.31 19:01:59 INFO  no build target found for /media/edoardo/windows/qqq/qqq-backend/src/main/java/com/edoardo/qqq/api/GameResource.java. Using fallback presentation compiler.[0m
2026.03.31 19:01:59 INFO  no build target found for /media/edoardo/windows/qqq/qqq-backend/src/main/java/com/edoardo/qqq/api/CorsFilter.java. Using fallback presentation compiler.[0m
2026.03.31 19:01:59 INFO  no build target found for /media/edoardo/windows/qqq/qqq-backend/src/main/java/com/edoardo/qqq/api/CorsFilter.java. Using fallback presentation compiler.[0m
2026.03.31 19:01:59 INFO  no build target found for /media/edoardo/windows/qqq/qqq-backend/src/main/java/com/edoardo/qqq/api/CorsFilter.java. Using fallback presentation compiler.[0m
mar 31, 2026 7:01:59 PM org.eclipse.lsp4j.jsonrpc.RemoteEndpoint handleCancellation
AVVERTENZA: Unmatched cancel notification for request id 15
2026.03.31 19:02:02 INFO  no build target found for /media/edoardo/windows/qqq/qqq-backend/src/main/java/com/edoardo/qqq/api/CorsFilter.java. Using fallback presentation compiler.[0m
2026.03.31 19:02:02 INFO  no build target found for /media/edoardo/windows/qqq/qqq-backend/src/main/java/com/edoardo/qqq/api/GameResource.java. Using fallback presentation compiler.[0m
2026.03.31 19:02:02 INFO  no build target found for /media/edoardo/windows/qqq/qqq-backend/src/main/java/com/edoardo/qqq/api/GameResource.java. Using fallback presentation compiler.[0m
2026.03.31 19:02:02 INFO  no build target found for /media/edoardo/windows/qqq/qqq-backend/src/main/java/com/edoardo/qqq/api/GameResource.java. Using fallback presentation compiler.[0m
2026.03.31 19:02:16 INFO  no build target found for /media/edoardo/windows/qqq/qqq-backend/src/main/java/com/edoardo/qqq/api/GameResource.java. Using fallback presentation compiler.[0m
2026.03.31 19:02:18 INFO  no build target found for /media/edoardo/windows/qqq/qqq-backend/src/main/java/com/edoardo/qqq/api/GameResource.java. Using fallback presentation compiler.[0m
2026.03.31 19:02:18 INFO  no build target found for /media/edoardo/windows/qqq/qqq-backend/src/main/java/com/edoardo/qqq/api/GameResource.java. Using fallback presentation compiler.[0m
2026.03.31 19:02:19 INFO  no build target found for /media/edoardo/windows/qqq/qqq-backend/src/main/java/com/edoardo/qqq/api/GameResource.java. Using fallback presentation compiler.[0m
2026.03.31 19:02:19 INFO  no build target found for /media/edoardo/windows/qqq/qqq-backend/src/main/java/com/edoardo/qqq/api/GameResource.java. Using fallback presentation compiler.[0m
2026.03.31 19:02:20 INFO  no build target found for /media/edoardo/windows/qqq/qqq-backend/src/main/java/com/edoardo/qqq/api/GameResource.java. Using fallback presentation compiler.[0m
2026.03.31 19:02:20 INFO  no build target found for /media/edoardo/windows/qqq/qqq-backend/src/main/java/com/edoardo/qqq/api/GameResource.java. Using fallback presentation compiler.[0m
2026.03.31 19:02:21 INFO  no build target found for /media/edoardo/windows/qqq/qqq-backend/src/main/java/com/edoardo/qqq/api/GameResource.java. Using fallback presentation compiler.[0m
2026.03.31 19:02:21 INFO  no build target found for /media/edoardo/windows/qqq/qqq-backend/src/main/java/com/edoardo/qqq/api/GameResource.java. Using fallback presentation compiler.[0m
2026.03.31 19:02:44 INFO  no build target found for /media/edoardo/windows/qqq/qqq-backend/src/main/java/com/edoardo/qqq/api/GameResource.java. Using fallback presentation compiler.[0m
2026.03.31 19:02:44 INFO  no build target found for /media/edoardo/windows/qqq/qqq-backend/src/main/java/com/edoardo/qqq/api/GameResource.java. Using fallback presentation compiler.[0m
2026.03.31 19:02:44 INFO  no build target found for /media/edoardo/windows/qqq/qqq-backend/src/main/java/com/edoardo/qqq/api/GameResource.java. Using fallback presentation compiler.[0m
2026.03.31 19:02:46 INFO  no build target found for /media/edoardo/windows/qqq/qqq-backend/src/main/java/com/edoardo/qqq/api/GameResource.java. Using fallback presentation compiler.[0m
2026.03.31 19:02:46 INFO  no build target found for /media/edoardo/windows/qqq/qqq-backend/src/main/java/com/edoardo/qqq/api/GameResource.java. Using fallback presentation compiler.[0m
2026.03.31 19:02:47 INFO  no build target found for /media/edoardo/windows/qqq/qqq-backend/src/main/java/com/edoardo/qqq/api/GameResource.java. Using fallback presentation compiler.[0m
2026.03.31 19:02:47 INFO  no build target found for /media/edoardo/windows/qqq/qqq-backend/src/main/java/com/edoardo/qqq/api/GameResource.java. Using fallback presentation compiler.[0m
2026.03.31 19:02:47 INFO  no build target found for /media/edoardo/windows/qqq/qqq-backend/src/main/java/com/edoardo/qqq/api/GameResource.java. Using fallback presentation compiler.[0m
2026.03.31 19:02:49 INFO  no build target found for /media/edoardo/windows/qqq/qqq-backend/src/main/java/com/edoardo/qqq/api/GameResource.java. Using fallback presentation compiler.[0m
2026.03.31 19:02:49 INFO  no build target found for /media/edoardo/windows/qqq/qqq-backend/src/main/java/com/edoardo/qqq/api/GameResource.java. Using fallback presentation compiler.[0m
2026.03.31 19:02:50 INFO  no build target found for /media/edoardo/windows/qqq/qqq-backend/src/main/java/com/edoardo/qqq/api/GameResource.java. Using fallback presentation compiler.[0m
2026.03.31 19:02:50 INFO  no build target found for /media/edoardo/windows/qqq/qqq-backend/src/main/java/com/edoardo/qqq/api/GameResource.java. Using fallback presentation compiler.[0m
2026.03.31 19:02:50 INFO  no build target found for /media/edoardo/windows/qqq/qqq-backend/src/main/java/com/edoardo/qqq/api/GameResource.java. Using fallback presentation compiler.[0m
2026.03.31 19:02:50 INFO  no build target found for /media/edoardo/windows/qqq/qqq-backend/src/main/java/com/edoardo/qqq/api/GameResource.java. Using fallback presentation compiler.[0m
2026.03.31 19:02:51 INFO  no build target found for /media/edoardo/windows/qqq/qqq-backend/src/main/java/com/edoardo/qqq/api/GameResource.java. Using fallback presentation compiler.[0m
2026.03.31 19:02:51 INFO  no build target found for /media/edoardo/windows/qqq/qqq-backend/src/main/java/com/edoardo/qqq/api/GameResource.java. Using fallback presentation compiler.[0m
2026.03.31 19:02:51 INFO  no build target found for /media/edoardo/windows/qqq/qqq-backend/src/main/java/com/edoardo/qqq/api/GameResource.java. Using fallback presentation compiler.[0m
2026.03.31 19:02:53 INFO  no build target found for /media/edoardo/windows/qqq/qqq-backend/src/main/java/com/edoardo/qqq/api/GameResource.java. Using fallback presentation compiler.[0m
2026.03.31 19:02:53 INFO  no build target found for /media/edoardo/windows/qqq/qqq-backend/src/main/java/com/edoardo/qqq/api/GameResource.java. Using fallback presentation compiler.[0m
2026.03.31 19:08:02 INFO  no build target found for /media/edoardo/windows/qqq/qqq-backend/src/main/java/com/edoardo/qqq/api/GameResource.java. Using fallback presentation compiler.[0m
